# JRE version: OpenJDK Runtime Environment Corretto-15.0.2.7.1 (15.0.2+7) (build 15.0.2+7)
# Java VM: OpenJDK 64-Bit Server VM Corretto-15.0.2.7.1 (15.0.2+7, mixed mode, sharing, tiered, compressed oops, g1 gc, windows-amd64)
GC Precious Log:
 CPUs: 4 total, 4 available
 Memory: 8067M
 Large Page Support: Disabled
 NUMA Support: Disabled
 Compressed Oops: Enabled (32-bit)
 Heap Region Size: 1M
 Heap Min Capacity: 8M
 Heap Initial Capacity: 128M
 Heap Max Capacity: 2018M
 Pre-touch: Disabled
 Parallel Workers: 4
 Concurrent Workers: 1
 Concurrent Refinement Workers: 4
 Periodic GC: Disabled
Heap:
 garbage-first heap   total 1148928K, used 384120K [0x0000000081e00000, 0x0000000100000000)
  region size 1024K, 7 young (7168K), 7 survivors (7168K)
 Metaspace       used 1148K, capacity 4586K, committed 4864K, reserved 1056768K
  class space    used 101K, capacity 394K, committed 512K, reserved 1048576K
GC Heap History (20 events):
Event: 0.456 GC heap after
{Heap after GC invocations=3 (full 0):
 garbage-first heap   total 131072K, used 32888K [0x0000000081e00000, 0x0000000100000000)
  region size 1024K, 2 young (2048K), 2 survivors (2048K)
 Metaspace       used 682K, capacity 4573K, committed 4864K, reserved 1056768K
  class space    used 63K, capacity 391K, committed 512K, reserved 1048576K
}
Event: 0.462 GC heap before
{Heap before GC invocations=3 (full 0):
 garbage-first heap   total 131072K, used 51320K [0x0000000081e00000, 0x0000000100000000)
  region size 1024K, 21 young (21504K), 2 survivors (2048K)
 Metaspace       used 786K, capacity 4573K, committed 4864K, reserved 1056768K
  class space    used 69K, capacity 391K, committed 512K, reserved 1048576K
}
Event: 0.470 GC heap after
{Heap after GC invocations=4 (full 0):
 garbage-first heap   total 131072K, used 52216K [0x0000000081e00000, 0x0000000100000000)
  region size 1024K, 3 young (3072K), 3 survivors (3072K)
 Metaspace       used 786K, capacity 4573K, committed 4864K, reserved 1056768K
  class space    used 69K, capacity 391K, committed 512K, reserved 1048576K
}
Event: 0.488 GC heap before
{Heap before GC invocations=4 (full 0):
 garbage-first heap   total 131072K, used 70648K [0x0000000081e00000, 0x0000000100000000)
  region size 1024K, 22 young (22528K), 3 survivors (3072K)
 Metaspace       used 844K, capacity 4579K, committed 4864K, reserved 1056768K
  class space    used 74K, capacity 393K, committed 512K, reserved 1048576K
}
Event: 0.496 GC heap after
{Heap after GC invocations=5 (full 0):
 garbage-first heap   total 207872K, used 71612K [0x0000000081e00000, 0x0000000100000000)
  region size 1024K, 3 young (3072K), 3 survivors (3072K)
 Metaspace       used 844K, capacity 4579K, committed 4864K, reserved 1056768K
  class space    used 74K, capacity 393K, committed 512K, reserved 1048576K
}
Event: 0.536 GC heap before
{Heap before GC invocations=5 (full 0):
 garbage-first heap   total 207872K, used 104380K [0x0000000081e00000, 0x0000000100000000)
  region size 1024K, 36 young (36864K), 3 survivors (3072K)
 Metaspace       used 964K, capacity 4586K, committed 4864K, reserved 1056768K
  class space    used 87K, capacity 394K, committed 512K, reserved 1048576K
}
Event: 0.549 GC heap after
{Heap after GC invocations=6 (full 0):
 garbage-first heap   total 207872K, used 105285K [0x0000000081e00000, 0x0000000100000000)
  region size 1024K, 5 young (5120K), 5 survivors (5120K)
 Metaspace       used 964K, capacity 4586K, committed 4864K, reserved 1056768K
  class space    used 87K, capacity 394K, committed 512K, reserved 1048576K
}
Event: 0.554 GC heap before
{Heap before GC invocations=6 (full 0):
 garbage-first heap   total 207872K, used 128837K [0x0000000081e00000, 0x0000000100000000)
  region size 1024K, 29 young (29696K), 5 survivors (5120K)
 Metaspace       used 1026K, capacity 4586K, committed 4864K, reserved 1056768K
  class space    used 93K, capacity 394K, committed 512K, reserved 1048576K
}
Event: 0.560 GC heap after
{Heap after GC invocations=7 (full 0):
 garbage-first heap   total 207872K, used 129801K [0x0000000081e00000, 0x0000000100000000)
  region size 1024K, 4 young (4096K), 4 survivors (4096K)
 Metaspace       used 1026K, capacity 4586K, committed 4864K, reserved 1056768K
  class space    used 93K, capacity 394K, committed 512K, reserved 1048576K
}
Event: 0.564 GC heap before
{Heap before GC invocations=7 (full 0):
 garbage-first heap   total 207872K, used 145161K [0x0000000081e00000, 0x0000000100000000)
  region size 1024K, 20 young (20480K), 4 survivors (4096K)
 Metaspace       used 1091K, capacity 4586K, committed 4864K, reserved 1056768K
  class space    used 96K, capacity 394K, committed 512K, reserved 1048576K
}
Event: 0.570 GC heap after
{Heap after GC invocations=8 (full 0):
 garbage-first heap   total 207872K, used 146125K [0x0000000081e00000, 0x0000000100000000)
  region size 1024K, 3 young (3072K), 3 survivors (3072K)
 Metaspace       used 1091K, capacity 4586K, committed 4864K, reserved 1056768K
  class space    used 96K, capacity 394K, committed 512K, reserved 1048576K
}
Event: 0.575 GC heap before
{Heap before GC invocations=8 (full 0):
 garbage-first heap   total 263168K, used 156365K [0x0000000081e00000, 0x0000000100000000)
  region size 1024K, 14 young (14336K), 3 survivors (3072K)
 Metaspace       used 1115K, capacity 4586K, committed 4864K, reserved 1056768K
  class space    used 98K, capacity 394K, committed 512K, reserved 1048576K
}
Event: 0.584 GC heap after
{Heap after GC invocations=9 (full 0):
 garbage-first heap   total 536576K, used 157330K [0x0000000081e00000, 0x0000000100000000)
  region size 1024K, 2 young (2048K), 2 survivors (2048K)
 Metaspace       used 1115K, capacity 4586K, committed 4864K, reserved 1056768K
  class space    used 98K, capacity 394K, committed 512K, reserved 1048576K
}
Event: 0.622 GC heap before
{Heap before GC invocations=10 (full 0):
 garbage-first heap   total 536576K, used 208530K [0x0000000081e00000, 0x0000000100000000)
  region size 1024K, 53 young (54272K), 2 survivors (2048K)
 Metaspace       used 1148K, capacity 4586K, committed 4864K, reserved 1056768K
  class space    used 101K, capacity 394K, committed 512K, reserved 1048576K
}
Event: 0.635 GC heap after
{Heap after GC invocations=11 (full 0):
 garbage-first heap   total 536576K, used 209314K [0x0000000081e00000, 0x0000000100000000)
  region size 1024K, 7 young (7168K), 7 survivors (7168K)
 Metaspace       used 1148K, capacity 4586K, committed 4864K, reserved 1056768K
  class space    used 101K, capacity 394K, committed 512K, reserved 1048576K
}
Event: 0.653 GC heap before
{Heap before GC invocations=11 (full 0):
 garbage-first heap   total 536576K, used 277922K [0x0000000081e00000, 0x0000000100000000)
  region size 1024K, 75 young (76800K), 7 survivors (7168K)
 Metaspace       used 1148K, capacity 4586K, committed 4864K, reserved 1056768K
  class space    used 101K, capacity 394K, committed 512K, reserved 1048576K
}
Event: 0.677 GC heap after
{Heap after GC invocations=12 (full 0):
 garbage-first heap   total 536576K, used 278827K [0x0000000081e00000, 0x0000000100000000)
  region size 1024K, 10 young (10240K), 10 survivors (10240K)
 Metaspace       used 1148K, capacity 4586K, committed 4864K, reserved 1056768K
  class space    used 101K, capacity 394K, committed 512K, reserved 1048576K
}
Event: 0.686 GC heap before
{Heap before GC invocations=12 (full 0):
 garbage-first heap   total 536576K, used 340267K [0x0000000081e00000, 0x0000000100000000)
  region size 1024K, 71 young (72704K), 10 survivors (10240K)
 Metaspace       used 1148K, capacity 4586K, committed 4864K, reserved 1056768K
  class space    used 101K, capacity 394K, committed 512K, reserved 1048576K
}
Event: 0.736 GC heap after
{Heap after GC invocations=13 (full 0):
 garbage-first heap   total 536576K, used 341171K [0x0000000081e00000, 0x0000000100000000)
  region size 1024K, 9 young (9216K), 9 survivors (9216K)
 Metaspace       used 1148K, capacity 4586K, committed 4864K, reserved 1056768K
  class space    used 101K, capacity 394K, committed 512K, reserved 1048576K
}
Event: 0.743 GC heap before
{Heap before GC invocations=13 (full 0):
 garbage-first heap   total 536576K, used 383155K [0x0000000081e00000, 0x0000000100000000)
  region size 1024K, 51 young (52224K), 9 survivors (9216K)
 Metaspace       used 1148K, capacity 4586K, committed 4864K, reserved 1056768K
  class space    used 101K, capacity 394K, committed 512K, reserved 1048576K
}

